Flow report for memoire
Sat Jan 13 14:05:45 2024
Quartus II 64-Bit Version 13.1.0 Build 162 10/23/2013 SJ Web Edition


---------------------
; Table of Contents ;
---------------------
  1. Legal Notice
  2. Flow Summary
  3. Flow Settings
  4. Flow Non-Default Global Settings
  5. Flow Elapsed Time
  6. Flow OS Summary
  7. Flow Log
  8. Flow Messages
  9. Flow Suppressed Messages



----------------
; Legal Notice ;
----------------
Copyright (C) 1991-2013 Altera Corporation
Your use of Altera Corporation's design tools, logic functions 
and other software and tools, and its AMPP partner logic 
functions, and any output files from any of the foregoing 
(including device programming or simulation files), and any 
associated documentation or information are expressly subject 
to the terms and conditions of the Altera Program License 
Subscription Agreement, Altera MegaCore Function License 
Agreement, or other applicable license agreement, including, 
without limitation, that your use is for the sole purpose of 
programming logic devices manufactured by Altera and sold by 
Altera or its authorized distributors.  Please refer to the 
applicable agreement for further details.



+------------------------------------------------------------------------------+
; Flow Summary                                                                 ;
+---------------------------------+--------------------------------------------+
; Flow Status                     ; Successful - Sat Jan 13 14:05:45 2024      ;
; Quartus II 64-Bit Version       ; 13.1.0 Build 162 10/23/2013 SJ Web Edition ;
; Revision Name                   ; memoire                                    ;
; Top-level Entity Name           ; serrure                                    ;
; Family                          ; Cyclone V                                  ;
; Device                          ; 5CGXFC7C6F23I7                             ;
; Timing Models                   ; Final                                      ;
; Logic utilization (in ALMs)     ; 93 / 56,480 ( < 1 % )                      ;
; Total registers                 ; 16                                         ;
; Total pins                      ; 68 / 268 ( 25 % )                          ;
; Total virtual pins              ; 0                                          ;
; Total block memory bits         ; 0 / 7,024,640 ( 0 % )                      ;
; Total DSP Blocks                ; 0 / 156 ( 0 % )                            ;
; Total HSSI RX PCSs              ; 0 / 6 ( 0 % )                              ;
; Total HSSI PMA RX Deserializers ; 0 / 6 ( 0 % )                              ;
; Total HSSI TX PCSs              ; 0 / 6 ( 0 % )                              ;
; Total HSSI TX Channels          ; 0 / 6 ( 0 % )                              ;
; Total PLLs                      ; 0 / 13 ( 0 % )                             ;
; Total DLLs                      ; 0 / 4 ( 0 % )                              ;
+---------------------------------+--------------------------------------------+


+-----------------------------------------+
; Flow Settings                           ;
+-------------------+---------------------+
; Option            ; Setting             ;
+-------------------+---------------------+
; Start date & time ; 01/13/2024 14:01:51 ;
; Main task         ; Compilation         ;
; Revision Name     ; memoire             ;
+-------------------+---------------------+


+-----------------------------------------------------------------------------------------------------------------------------------+
; Flow Non-Default Global Settings                                                                                                  ;
+-------------------------------------+----------------------------------------------+---------------+-------------+----------------+
; Assignment Name                     ; Value                                        ; Default Value ; Entity Name ; Section Id     ;
+-------------------------------------+----------------------------------------------+---------------+-------------+----------------+
; COMPILER_SIGNATURE_ID               ; 52934022460394.170515091020332               ; --            ; --          ; --             ;
; EDA_GENERATE_FUNCTIONAL_NETLIST     ; On                                           ; --            ; --          ; eda_simulation ;
; EDA_NETLIST_WRITER_OUTPUT_DIR       ; C:/Users/HP/Desktop/memoire/simulation/qsim/ ; --            ; --          ; eda_simulation ;
; EDA_OUTPUT_DATA_FORMAT              ; Verilog Hdl                                  ; --            ; --          ; eda_simulation ;
; EDA_SIMULATION_TOOL                 ; ModelSim-Altera (Verilog)                    ; <None>        ; --          ; --             ;
; MAX_CORE_JUNCTION_TEMP              ; 100                                          ; --            ; --          ; --             ;
; MIN_CORE_JUNCTION_TEMP              ; -40                                          ; --            ; --          ; --             ;
; PARTITION_COLOR                     ; 16764057                                     ; --            ; Memoire     ; Top            ;
; PARTITION_COLOR                     ; 16764057                                     ; --            ; serrure     ; Top            ;
; PARTITION_FITTER_PRESERVATION_LEVEL ; PLACEMENT_AND_ROUTING                        ; --            ; Memoire     ; Top            ;
; PARTITION_FITTER_PRESERVATION_LEVEL ; PLACEMENT_AND_ROUTING                        ; --            ; serrure     ; Top            ;
; PARTITION_NETLIST_TYPE              ; SOURCE                                       ; --            ; Memoire     ; Top            ;
; PARTITION_NETLIST_TYPE              ; SOURCE                                       ; --            ; serrure     ; Top            ;
; PROJECT_OUTPUT_DIRECTORY            ; output_files                                 ; --            ; --          ; --             ;
; TOP_LEVEL_ENTITY                    ; serrure                                      ; memoire       ; --          ; --             ;
+-------------------------------------+----------------------------------------------+---------------+-------------+----------------+


+-------------------------------------------------------------------------------------------------------------------------------+
; Flow Elapsed Time                                                                                                             ;
+---------------------------+--------------+-------------------------+---------------------+------------------------------------+
; Module Name               ; Elapsed Time ; Average Processors Used ; Peak Virtual Memory ; Total CPU Time (on all processors) ;
+---------------------------+--------------+-------------------------+---------------------+------------------------------------+
; Analysis & Synthesis      ; 00:00:02     ; 1.0                     ; 4699 MB             ; 00:00:02                           ;
; Fitter                    ; 00:00:41     ; 1.0                     ; 5842 MB             ; 00:00:40                           ;
; Assembler                 ; 00:00:10     ; 1.0                     ; 4767 MB             ; 00:00:10                           ;
; TimeQuest Timing Analyzer ; 00:00:07     ; 1.0                     ; 4953 MB             ; 00:00:06                           ;
; EDA Netlist Writer        ; 00:00:01     ; 1.0                     ; 4611 MB             ; 00:00:01                           ;
; EDA Netlist Writer        ; 00:00:01     ; 1.0                     ; 4623 MB             ; 00:00:01                           ;
; EDA Netlist Writer        ; 00:00:02     ; 1.0                     ; 4623 MB             ; 00:00:01                           ;
; Total                     ; 00:01:04     ; --                      ; --                  ; 00:01:01                           ;
+---------------------------+--------------+-------------------------+---------------------+------------------------------------+


+----------------------------------------------------------------------------------------+
; Flow OS Summary                                                                        ;
+---------------------------+------------------+-----------+------------+----------------+
; Module Name               ; Machine Hostname ; OS Name   ; OS Version ; Processor type ;
+---------------------------+------------------+-----------+------------+----------------+
; Analysis & Synthesis      ; DESKTOP-NG7BFL4  ; Windows 7 ; 6.2        ; x86_64         ;
; Fitter                    ; DESKTOP-NG7BFL4  ; Windows 7 ; 6.2        ; x86_64         ;
; Assembler                 ; DESKTOP-NG7BFL4  ; Windows 7 ; 6.2        ; x86_64         ;
; TimeQuest Timing Analyzer ; DESKTOP-NG7BFL4  ; Windows 7 ; 6.2        ; x86_64         ;
; EDA Netlist Writer        ; DESKTOP-NG7BFL4  ; Windows 7 ; 6.2        ; x86_64         ;
; EDA Netlist Writer        ; DESKTOP-NG7BFL4  ; Windows 7 ; 6.2        ; x86_64         ;
; EDA Netlist Writer        ; DESKTOP-NG7BFL4  ; Windows 7 ; 6.2        ; x86_64         ;
+---------------------------+------------------+-----------+------------+----------------+


------------
; Flow Log ;
------------
quartus_map --read_settings_files=on --write_settings_files=off memoire -c memoire
quartus_fit --read_settings_files=off --write_settings_files=off memoire -c memoire
quartus_asm --read_settings_files=off --write_settings_files=off memoire -c memoire
quartus_sta memoire -c memoire
quartus_eda --read_settings_files=off --write_settings_files=off memoire -c memoire
quartus_eda --gen_testbench --check_outputs=on --tool=modelsim_oem --format=verilog memoire -c memoire --vector_source=C:/Users/HP/Desktop/memoire/Waveform20.vwf --testbench_file=C:/Users/HP/Desktop/memoire/simulation/qsim/Waveform20.vwf.vt
quartus_eda --functional=on --flatten_buses=off --simulation=on --tool=modelsim_oem --format=verilog --output_directory=C:/Users/HP/Desktop/memoire/simulation/qsim/ memoire -c memoire



