Analysis & Synthesis report for memoire
Sat Jan 13 14:01:52 2024
Quartus II 64-Bit Version 13.1.0 Build 162 10/23/2013 SJ Web Edition


---------------------
; Table of Contents ;
---------------------
  1. Legal Notice
  2. Analysis & Synthesis Summary
  3. Analysis & Synthesis Settings
  4. Parallel Compilation
  5. Analysis & Synthesis Source Files Read
  6. Analysis & Synthesis Resource Usage Summary
  7. Analysis & Synthesis Resource Utilization by Entity
  8. General Register Statistics
  9. Port Connectivity Checks: "Comparateur:comp"
 10. Elapsed Time Per Partition
 11. Analysis & Synthesis Messages



----------------
; Legal Notice ;
----------------
Copyright (C) 1991-2013 Altera Corporation
Your use of Altera Corporation's design tools, logic functions 
and other software and tools, and its AMPP partner logic 
functions, and any output files from any of the foregoing 
(including device programming or simulation files), and any 
associated documentation or information are expressly subject 
to the terms and conditions of the Altera Program License 
Subscription Agreement, Altera MegaCore Function License 
Agreement, or other applicable license agreement, including, 
without limitation, that your use is for the sole purpose of 
programming logic devices manufactured by Altera and sold by 
Altera or its authorized distributors.  Please refer to the 
applicable agreement for further details.



+------------------------------------------------------------------------------+
; Analysis & Synthesis Summary                                                 ;
+---------------------------------+--------------------------------------------+
; Analysis & Synthesis Status     ; Successful - Sat Jan 13 14:01:52 2024      ;
; Quartus II 64-Bit Version       ; 13.1.0 Build 162 10/23/2013 SJ Web Edition ;
; Revision Name                   ; memoire                                    ;
; Top-level Entity Name           ; serrure                                    ;
; Family                          ; Cyclone V                                  ;
; Logic utilization (in ALMs)     ; N/A                                        ;
; Total registers                 ; 16                                         ;
; Total pins                      ; 68                                         ;
; Total virtual pins              ; 0                                          ;
; Total block memory bits         ; 0                                          ;
; Total DSP Blocks                ; 0                                          ;
; Total HSSI RX PCSs              ; 0                                          ;
; Total HSSI PMA RX Deserializers ; 0                                          ;
; Total HSSI TX PCSs              ; 0                                          ;
; Total HSSI TX Channels          ; 0                                          ;
; Total PLLs                      ; 0                                          ;
; Total DLLs                      ; 0                                          ;
+---------------------------------+--------------------------------------------+


+---------------------------------------------------------------------------------------------------------------------------+
; Analysis & Synthesis Settings                                                                                             ;
+---------------------------------------------------------------------------------+--------------------+--------------------+
; Option                                                                          ; Setting            ; Default Value      ;
+---------------------------------------------------------------------------------+--------------------+--------------------+
; Device                                                                          ; 5CGXFC7C6F23I7     ;                    ;
; Top-level entity name                                                           ; serrure            ; memoire            ;
; Family name                                                                     ; Cyclone V          ; Cyclone IV GX      ;
; Use smart compilation                                                           ; Off                ; Off                ;
; Enable parallel Assembler and TimeQuest Timing Analyzer during compilation      ; On                 ; On                 ;
; Enable compact report table                                                     ; Off                ; Off                ;
; Restructure Multiplexers                                                        ; Auto               ; Auto               ;
; MLAB Add Timing Constraints For Mixed-Port Feed-Through Mode Setting Don't Care ; Off                ; Off                ;
; Create Debugging Nodes for IP Cores                                             ; Off                ; Off                ;
; Preserve fewer node names                                                       ; On                 ; On                 ;
; Disable OpenCore Plus hardware evaluation                                       ; Off                ; Off                ;
; Verilog Version                                                                 ; Verilog_2001       ; Verilog_2001       ;
; VHDL Version                                                                    ; VHDL_1993          ; VHDL_1993          ;
; State Machine Processing                                                        ; Auto               ; Auto               ;
; Safe State Machine                                                              ; Off                ; Off                ;
; Extract Verilog State Machines                                                  ; On                 ; On                 ;
; Extract VHDL State Machines                                                     ; On                 ; On                 ;
; Ignore Verilog initial constructs                                               ; Off                ; Off                ;
; Iteration limit for constant Verilog loops                                      ; 5000               ; 5000               ;
; Iteration limit for non-constant Verilog loops                                  ; 250                ; 250                ;
; Add Pass-Through Logic to Inferred RAMs                                         ; On                 ; On                 ;
; Infer RAMs from Raw Logic                                                       ; On                 ; On                 ;
; Parallel Synthesis                                                              ; On                 ; On                 ;
; DSP Block Balancing                                                             ; Auto               ; Auto               ;
; NOT Gate Push-Back                                                              ; On                 ; On                 ;
; Power-Up Don't Care                                                             ; On                 ; On                 ;
; Remove Redundant Logic Cells                                                    ; Off                ; Off                ;
; Remove Duplicate Registers                                                      ; On                 ; On                 ;
; Ignore CARRY Buffers                                                            ; Off                ; Off                ;
; Ignore CASCADE Buffers                                                          ; Off                ; Off                ;
; Ignore GLOBAL Buffers                                                           ; Off                ; Off                ;
; Ignore ROW GLOBAL Buffers                                                       ; Off                ; Off                ;
; Ignore LCELL Buffers                                                            ; Off                ; Off                ;
; Ignore SOFT Buffers                                                             ; On                 ; On                 ;
; Limit AHDL Integers to 32 Bits                                                  ; Off                ; Off                ;
; Optimization Technique                                                          ; Balanced           ; Balanced           ;
; Carry Chain Length                                                              ; 70                 ; 70                 ;
; Auto Carry Chains                                                               ; On                 ; On                 ;
; Auto Open-Drain Pins                                                            ; On                 ; On                 ;
; Perform WYSIWYG Primitive Resynthesis                                           ; Off                ; Off                ;
; Auto ROM Replacement                                                            ; On                 ; On                 ;
; Auto RAM Replacement                                                            ; On                 ; On                 ;
; Auto DSP Block Replacement                                                      ; On                 ; On                 ;
; Auto Shift Register Replacement                                                 ; Auto               ; Auto               ;
; Allow Shift Register Merging across Hierarchies                                 ; Auto               ; Auto               ;
; Auto Clock Enable Replacement                                                   ; On                 ; On                 ;
; Strict RAM Replacement                                                          ; Off                ; Off                ;
; Allow Synchronous Control Signals                                               ; On                 ; On                 ;
; Force Use of Synchronous Clear Signals                                          ; Off                ; Off                ;
; Auto Resource Sharing                                                           ; Off                ; Off                ;
; Allow Any RAM Size For Recognition                                              ; Off                ; Off                ;
; Allow Any ROM Size For Recognition                                              ; Off                ; Off                ;
; Allow Any Shift Register Size For Recognition                                   ; Off                ; Off                ;
; Use LogicLock Constraints during Resource Balancing                             ; On                 ; On                 ;
; Ignore translate_off and synthesis_off directives                               ; Off                ; Off                ;
; Timing-Driven Synthesis                                                         ; On                 ; On                 ;
; Report Parameter Settings                                                       ; On                 ; On                 ;
; Report Source Assignments                                                       ; On                 ; On                 ;
; Report Connectivity Checks                                                      ; On                 ; On                 ;
; Ignore Maximum Fan-Out Assignments                                              ; Off                ; Off                ;
; Synchronization Register Chain Length                                           ; 3                  ; 3                  ;
; PowerPlay Power Optimization                                                    ; Normal compilation ; Normal compilation ;
; HDL message level                                                               ; Level2             ; Level2             ;
; Suppress Register Optimization Related Messages                                 ; Off                ; Off                ;
; Number of Removed Registers Reported in Synthesis Report                        ; 5000               ; 5000               ;
; Number of Swept Nodes Reported in Synthesis Report                              ; 5000               ; 5000               ;
; Number of Inverted Registers Reported in Synthesis Report                       ; 100                ; 100                ;
; Clock MUX Protection                                                            ; On                 ; On                 ;
; Auto Gated Clock Conversion                                                     ; Off                ; Off                ;
; Block Design Naming                                                             ; Auto               ; Auto               ;
; SDC constraint protection                                                       ; Off                ; Off                ;
; Synthesis Effort                                                                ; Auto               ; Auto               ;
; Shift Register Replacement - Allow Asynchronous Clear Signal                    ; On                 ; On                 ;
; Pre-Mapping Resynthesis Optimization                                            ; Off                ; Off                ;
; Analysis & Synthesis Message Level                                              ; Medium             ; Medium             ;
; Disable Register Merging Across Hierarchies                                     ; Auto               ; Auto               ;
; Resource Aware Inference For Block RAM                                          ; On                 ; On                 ;
; Synthesis Seed                                                                  ; 1                  ; 1                  ;
; Automatic Parallel Synthesis                                                    ; On                 ; On                 ;
+---------------------------------------------------------------------------------+--------------------+--------------------+


Parallel compilation was disabled, but you have multiple processors available. Enable parallel compilation to reduce compilation time.
+-------------------------------------+
; Parallel Compilation                ;
+----------------------------+--------+
; Processors                 ; Number ;
+----------------------------+--------+
; Number detected on machine ; 8      ;
; Maximum allowed            ; 1      ;
+----------------------------+--------+


+--------------------------------------------------------------------------------------------------------------------------------+
; Analysis & Synthesis Source Files Read                                                                                         ;
+----------------------------------+-----------------+-----------------+-----------------------------------------------+---------+
; File Name with User-Entered Path ; Used in Netlist ; File Type       ; File Name with Absolute Path                  ; Library ;
+----------------------------------+-----------------+-----------------+-----------------------------------------------+---------+
; memoire.vhd                      ; yes             ; User VHDL File  ; C:/Users/HP/Desktop/memoire/memoire.vhd       ;         ;
; Registre_4bit.vhd                ; yes             ; User VHDL File  ; C:/Users/HP/Desktop/memoire/Registre_4bit.vhd ;         ;
; D_FF.vhd                         ; yes             ; User VHDL File  ; C:/Users/HP/Desktop/memoire/D_FF.vhd          ;         ;
; Encodeur.vhd                     ; yes             ; User VHDL File  ; C:/Users/HP/Desktop/memoire/Encodeur.vhd      ;         ;
; Detecteur.vhd                    ; yes             ; User VHDL File  ; C:/Users/HP/Desktop/memoire/Detecteur.vhd     ;         ;
; Comparateur.vhd                  ; yes             ; User VHDL File  ; C:/Users/HP/Desktop/memoire/Comparateur.vhd   ;         ;
; serrure.vhd                      ; yes             ; User VHDL File  ; C:/Users/HP/Desktop/memoire/serrure.vhd       ;         ;
+----------------------------------+-----------------+-----------------+-----------------------------------------------+---------+


+-----------------------------------------------------------+
; Analysis & Synthesis Resource Usage Summary               ;
+---------------------------------------------+-------------+
; Resource                                    ; Usage       ;
+---------------------------------------------+-------------+
; Estimate of Logic utilization (ALMs needed) ; 92          ;
;                                             ;             ;
; Combinational ALUT usage for logic          ; 136         ;
;     -- 7 input functions                    ; 0           ;
;     -- 6 input functions                    ; 48          ;
;     -- 5 input functions                    ; 59          ;
;     -- 4 input functions                    ; 5           ;
;     -- <=3 input functions                  ; 24          ;
;                                             ;             ;
; Dedicated logic registers                   ; 16          ;
;                                             ;             ;
; I/O pins                                    ; 68          ;
; Total DSP Blocks                            ; 0           ;
; Maximum fan-out node                        ; clock~input ;
; Maximum fan-out                             ; 16          ;
; Total fan-out                               ; 788         ;
; Average fan-out                             ; 2.74        ;
+---------------------------------------------+-------------+


+---------------------------------------------------------------------------------------------------------------------------------------------------------------------------------------------+
; Analysis & Synthesis Resource Utilization by Entity                                                                                                                                         ;
+-----------------------------+-------------------+--------------+-------------------+------------+------+--------------+------------------------------------------------------+--------------+
; Compilation Hierarchy Node  ; LC Combinationals ; LC Registers ; Block Memory Bits ; DSP Blocks ; Pins ; Virtual Pins ; Full Hierarchy Name                                  ; Library Name ;
+-----------------------------+-------------------+--------------+-------------------+------------+------+--------------+------------------------------------------------------+--------------+
; |serrure                    ; 136 (0)           ; 16 (0)       ; 0                 ; 0          ; 68   ; 0            ; |serrure                                             ; work         ;
;    |Comparateur:comp|       ; 5 (5)             ; 0 (0)        ; 0                 ; 0          ; 0    ; 0            ; |serrure|Comparateur:comp                            ; work         ;
;    |Detecteur:detect1|      ; 1 (1)             ; 0 (0)        ; 0                 ; 0          ; 0    ; 0            ; |serrure|Detecteur:detect1                           ; work         ;
;    |Detecteur:detect2|      ; 1 (1)             ; 0 (0)        ; 0                 ; 0          ; 0    ; 0            ; |serrure|Detecteur:detect2                           ; work         ;
;    |Detecteur:detect3|      ; 1 (1)             ; 0 (0)        ; 0                 ; 0          ; 0    ; 0            ; |serrure|Detecteur:detect3                           ; work         ;
;    |Encodeur:cod1|          ; 32 (32)           ; 0 (0)        ; 0                 ; 0          ; 0    ; 0            ; |serrure|Encodeur:cod1                               ; work         ;
;    |Encodeur:cod2|          ; 32 (32)           ; 0 (0)        ; 0                 ; 0          ; 0    ; 0            ; |serrure|Encodeur:cod2                               ; work         ;
;    |Encodeur:cod3|          ; 32 (32)           ; 0 (0)        ; 0                 ; 0          ; 0    ; 0            ; |serrure|Encodeur:cod3                               ; work         ;
;    |Encodeur:cod4|          ; 32 (32)           ; 0 (0)        ; 0                 ; 0          ; 0    ; 0            ; |serrure|Encodeur:cod4                               ; work         ;
;    |memoire:memo|           ; 0 (0)             ; 16 (0)       ; 0                 ; 0          ; 0    ; 0            ; |serrure|memoire:memo                                ; work         ;
;       |Registre_4bit:inst0| ; 0 (0)             ; 4 (0)        ; 0                 ; 0          ; 0    ; 0            ; |serrure|memoire:memo|Registre_4bit:inst0            ; work         ;
;          |D_FF:inst1|       ; 0 (0)             ; 1 (1)        ; 0                 ; 0          ; 0    ; 0            ; |serrure|memoire:memo|Registre_4bit:inst0|D_FF:inst1 ; work         ;
;          |D_FF:inst2|       ; 0 (0)             ; 1 (1)        ; 0                 ; 0          ; 0    ; 0            ; |serrure|memoire:memo|Registre_4bit:inst0|D_FF:inst2 ; work         ;
;          |D_FF:inst3|       ; 0 (0)             ; 1 (1)        ; 0                 ; 0          ; 0    ; 0            ; |serrure|memoire:memo|Registre_4bit:inst0|D_FF:inst3 ; work         ;
;          |D_FF:inst4|       ; 0 (0)             ; 1 (1)        ; 0                 ; 0          ; 0    ; 0            ; |serrure|memoire:memo|Registre_4bit:inst0|D_FF:inst4 ; work         ;
;       |Registre_4bit:inst1| ; 0 (0)             ; 4 (0)        ; 0                 ; 0          ; 0    ; 0            ; |serrure|memoire:memo|Registre_4bit:inst1            ; work         ;
;          |D_FF:inst1|       ; 0 (0)             ; 1 (1)        ; 0                 ; 0          ; 0    ; 0            ; |serrure|memoire:memo|Registre_4bit:inst1|D_FF:inst1 ; work         ;
;          |D_FF:inst2|       ; 0 (0)             ; 1 (1)        ; 0                 ; 0          ; 0    ; 0            ; |serrure|memoire:memo|Registre_4bit:inst1|D_FF:inst2 ; work         ;
;          |D_FF:inst3|       ; 0 (0)             ; 1 (1)        ; 0                 ; 0          ; 0    ; 0            ; |serrure|memoire:memo|Registre_4bit:inst1|D_FF:inst3 ; work         ;
;          |D_FF:inst4|       ; 0 (0)             ; 1 (1)        ; 0                 ; 0          ; 0    ; 0            ; |serrure|memoire:memo|Registre_4bit:inst1|D_FF:inst4 ; work         ;
;       |Registre_4bit:inst2| ; 0 (0)             ; 4 (0)        ; 0                 ; 0          ; 0    ; 0            ; |serrure|memoire:memo|Registre_4bit:inst2            ; work         ;
;          |D_FF:inst1|       ; 0 (0)             ; 1 (1)        ; 0                 ; 0          ; 0    ; 0            ; |serrure|memoire:memo|Registre_4bit:inst2|D_FF:inst1 ; work         ;
;          |D_FF:inst2|       ; 0 (0)             ; 1 (1)        ; 0                 ; 0          ; 0    ; 0            ; |serrure|memoire:memo|Registre_4bit:inst2|D_FF:inst2 ; work         ;
;          |D_FF:inst3|       ; 0 (0)             ; 1 (1)        ; 0                 ; 0          ; 0    ; 0            ; |serrure|memoire:memo|Registre_4bit:inst2|D_FF:inst3 ; work         ;
;          |D_FF:inst4|       ; 0 (0)             ; 1 (1)        ; 0                 ; 0          ; 0    ; 0            ; |serrure|memoire:memo|Registre_4bit:inst2|D_FF:inst4 ; work         ;
;       |Registre_4bit:inst3| ; 0 (0)             ; 4 (0)        ; 0                 ; 0          ; 0    ; 0            ; |serrure|memoire:memo|Registre_4bit:inst3            ; work         ;
;          |D_FF:inst1|       ; 0 (0)             ; 1 (1)        ; 0                 ; 0          ; 0    ; 0            ; |serrure|memoire:memo|Registre_4bit:inst3|D_FF:inst1 ; work         ;
;          |D_FF:inst2|       ; 0 (0)             ; 1 (1)        ; 0                 ; 0          ; 0    ; 0            ; |serrure|memoire:memo|Registre_4bit:inst3|D_FF:inst2 ; work         ;
;          |D_FF:inst3|       ; 0 (0)             ; 1 (1)        ; 0                 ; 0          ; 0    ; 0            ; |serrure|memoire:memo|Registre_4bit:inst3|D_FF:inst3 ; work         ;
;          |D_FF:inst4|       ; 0 (0)             ; 1 (1)        ; 0                 ; 0          ; 0    ; 0            ; |serrure|memoire:memo|Registre_4bit:inst3|D_FF:inst4 ; work         ;
+-----------------------------+-------------------+--------------+-------------------+------------+------+--------------+------------------------------------------------------+--------------+
Note: For table entries with two numbers listed, the numbers in parentheses indicate the number of resources of the given type used by the specific entity alone. The numbers listed outside of parentheses indicate the total resources of the given type used by the specific entity and all of its sub-entities in the hierarchy.


+------------------------------------------------------+
; General Register Statistics                          ;
+----------------------------------------------+-------+
; Statistic                                    ; Value ;
+----------------------------------------------+-------+
; Total registers                              ; 16    ;
; Number of registers using Synchronous Clear  ; 0     ;
; Number of registers using Synchronous Load   ; 0     ;
; Number of registers using Asynchronous Clear ; 16    ;
; Number of registers using Asynchronous Load  ; 0     ;
; Number of registers using Clock Enable       ; 16    ;
; Number of registers using Preset             ; 0     ;
+----------------------------------------------+-------+


+-----------------------------------------------+
; Port Connectivity Checks: "Comparateur:comp"  ;
+-------------+-------+----------+--------------+
; Port        ; Type  ; Severity ; Details      ;
+-------------+-------+----------+--------------+
; key[5..4]   ; Input ; Info     ; Stuck at VCC ;
; key[15..13] ; Input ; Info     ; Stuck at GND ;
; key[11..10] ; Input ; Info     ; Stuck at GND ;
; key[8..6]   ; Input ; Info     ; Stuck at GND ;
; key[1..0]   ; Input ; Info     ; Stuck at GND ;
; key[12]     ; Input ; Info     ; Stuck at VCC ;
; key[9]      ; Input ; Info     ; Stuck at VCC ;
; key[3]      ; Input ; Info     ; Stuck at GND ;
; key[2]      ; Input ; Info     ; Stuck at VCC ;
+-------------+-------+----------+--------------+


+-------------------------------+
; Elapsed Time Per Partition    ;
+----------------+--------------+
; Partition Name ; Elapsed Time ;
+----------------+--------------+
; Top            ; 00:00:00     ;
+----------------+--------------+


+-------------------------------+
; Analysis & Synthesis Messages ;
+-------------------------------+
Info: *******************************************************************
Info: Running Quartus II 64-Bit Analysis & Synthesis
    Info: Version 13.1.0 Build 162 10/23/2013 SJ Web Edition
    Info: Processing started: Sat Jan 13 14:01:50 2024
Info: Command: quartus_map --read_settings_files=on --write_settings_files=off memoire -c memoire
Warning (136002): Ignored duplicate of assignment HIERARCHY_BLACKBOX_FILE for node "|"
Warning (136002): Ignored duplicate of assignment PARTITION_PRESERVE_HIGH_SPEED_TILES for node ""
Warning (136002): Ignored duplicate of assignment PARTITION_IGNORE_SOURCE_FILE_CHANGES for node ""
Warning (136002): Ignored duplicate of assignment PARTITION_ALWAYS_USE_QXP_NETLIST for node ""
Warning (136002): Ignored duplicate of assignment PARTITION_IMPORT_NEW_ASSIGNMENTS for node ""
Warning (136002): Ignored duplicate of assignment PARTITION_IMPORT_EXISTING_ASSIGNMENTS for node ""
Warning (136002): Ignored duplicate of assignment PARTITION_IMPORT_EXISTING_LOGICLOCK_REGIONS for node ""
Warning (136002): Ignored duplicate of assignment PARTITION_IMPORT_PIN_ASSIGNMENTS for node ""
Warning (136002): Ignored duplicate of assignment PARTITION_IMPORT_PROMOTE_ASSIGNMENTS for node ""
Warning (136002): Ignored duplicate of assignment PARTITION_TYPE for node ""
Warning (136002): Ignored duplicate of assignment ALLOW_MULTIPLE_PERSONAS for node ""
Warning (136002): Ignored duplicate of assignment PARTITION_ASD_REGION_ID for node ""
Warning (136002): Ignored duplicate of assignment CROSS_BOUNDARY_OPTIMIZATIONS for node ""
Warning (136002): Ignored duplicate of assignment PROPAGATE_CONSTANTS_ON_INPUTS for node ""
Warning (136002): Ignored duplicate of assignment PROPAGATE_INVERSIONS_ON_INPUTS for node ""
Warning (136002): Ignored duplicate of assignment REMOVE_LOGIC_ON_UNCONNECTED_OUTPUTS for node ""
Warning (136002): Ignored duplicate of assignment MERGE_EQUIVALENT_INPUTS for node ""
Warning (136002): Ignored duplicate of assignment MERGE_EQUIVALENT_BIDIRS for node ""
Warning (136002): Ignored duplicate of assignment ABSORB_PATHS_FROM_OUTPUTS_TO_INPUTS for node ""
Warning (136002): Ignored duplicate of assignment PARTITION_EXTRACT_HARD_BLOCK_NODES for node ""
Warning (136002): Ignored duplicate of assignment PARTITION_ENABLE_STRICT_PRESERVATION for node ""
Warning (136002): Ignored duplicate of assignment PARTITION_SOURCE for node ""
Warning (136002): Ignored duplicate of assignment PARTITION_BACK_ANNOTATION for node ""
Warning (136002): Ignored duplicate of assignment PARTITION_COLOR for node ""
Warning (136002): Ignored duplicate of assignment HIERARCHY_BLACKBOX_FILE for node "|"
Warning (136002): Ignored duplicate of assignment PARTITION_PRESERVE_HIGH_SPEED_TILES for node ""
Warning (136002): Ignored duplicate of assignment PARTITION_IGNORE_SOURCE_FILE_CHANGES for node ""
Warning (136002): Ignored duplicate of assignment PARTITION_ALWAYS_USE_QXP_NETLIST for node ""
Warning (136002): Ignored duplicate of assignment PARTITION_IMPORT_NEW_ASSIGNMENTS for node ""
Warning (136002): Ignored duplicate of assignment PARTITION_IMPORT_EXISTING_ASSIGNMENTS for node ""
Warning (136002): Ignored duplicate of assignment PARTITION_IMPORT_EXISTING_LOGICLOCK_REGIONS for node ""
Warning (136002): Ignored duplicate of assignment PARTITION_IMPORT_PIN_ASSIGNMENTS for node ""
Warning (136002): Ignored duplicate of assignment PARTITION_IMPORT_PROMOTE_ASSIGNMENTS for node ""
Warning (136002): Ignored duplicate of assignment PARTITION_TYPE for node ""
Warning (136002): Ignored duplicate of assignment ALLOW_MULTIPLE_PERSONAS for node ""
Warning (136002): Ignored duplicate of assignment PARTITION_ASD_REGION_ID for node ""
Warning (136002): Ignored duplicate of assignment CROSS_BOUNDARY_OPTIMIZATIONS for node ""
Warning (136002): Ignored duplicate of assignment PROPAGATE_CONSTANTS_ON_INPUTS for node ""
Warning (136002): Ignored duplicate of assignment PROPAGATE_INVERSIONS_ON_INPUTS for node ""
Warning (136002): Ignored duplicate of assignment REMOVE_LOGIC_ON_UNCONNECTED_OUTPUTS for node ""
Warning (136002): Ignored duplicate of assignment MERGE_EQUIVALENT_INPUTS for node ""
Warning (136002): Ignored duplicate of assignment MERGE_EQUIVALENT_BIDIRS for node ""
Warning (136002): Ignored duplicate of assignment ABSORB_PATHS_FROM_OUTPUTS_TO_INPUTS for node ""
Warning (136002): Ignored duplicate of assignment PARTITION_EXTRACT_HARD_BLOCK_NODES for node ""
Warning (136002): Ignored duplicate of assignment PARTITION_ENABLE_STRICT_PRESERVATION for node ""
Warning (136002): Ignored duplicate of assignment PARTITION_SOURCE for node ""
Warning (136002): Ignored duplicate of assignment PARTITION_BACK_ANNOTATION for node ""
Warning (136002): Ignored duplicate of assignment PARTITION_COLOR for node ""
Warning (136002): Ignored duplicate of assignment HIERARCHY_BLACKBOX_FILE for node "|"
Warning (136002): Ignored duplicate of assignment PARTITION_PRESERVE_HIGH_SPEED_TILES for node ""
Warning (136002): Ignored duplicate of assignment PARTITION_IGNORE_SOURCE_FILE_CHANGES for node ""
Warning (136002): Ignored duplicate of assignment PARTITION_ALWAYS_USE_QXP_NETLIST for node ""
Warning (136002): Ignored duplicate of assignment PARTITION_IMPORT_NEW_ASSIGNMENTS for node ""
Warning (136002): Ignored duplicate of assignment PARTITION_IMPORT_EXISTING_ASSIGNMENTS for node ""
Warning (136002): Ignored duplicate of assignment PARTITION_IMPORT_EXISTING_LOGICLOCK_REGIONS for node ""
Warning (136002): Ignored duplicate of assignment PARTITION_IMPORT_PIN_ASSIGNMENTS for node ""
Warning (136002): Ignored duplicate of assignment PARTITION_IMPORT_PROMOTE_ASSIGNMENTS for node ""
Warning (136002): Ignored duplicate of assignment PARTITION_TYPE for node ""
Warning (136002): Ignored duplicate of assignment ALLOW_MULTIPLE_PERSONAS for node ""
Warning (136002): Ignored duplicate of assignment PARTITION_ASD_REGION_ID for node ""
Warning (136002): Ignored duplicate of assignment CROSS_BOUNDARY_OPTIMIZATIONS for node ""
Warning (136002): Ignored duplicate of assignment PROPAGATE_CONSTANTS_ON_INPUTS for node ""
Warning (136002): Ignored duplicate of assignment PROPAGATE_INVERSIONS_ON_INPUTS for node ""
Warning (136002): Ignored duplicate of assignment REMOVE_LOGIC_ON_UNCONNECTED_OUTPUTS for node ""
Warning (136002): Ignored duplicate of assignment MERGE_EQUIVALENT_INPUTS for node ""
Warning (136002): Ignored duplicate of assignment MERGE_EQUIVALENT_BIDIRS for node ""
Warning (136002): Ignored duplicate of assignment ABSORB_PATHS_FROM_OUTPUTS_TO_INPUTS for node ""
Warning (136002): Ignored duplicate of assignment PARTITION_EXTRACT_HARD_BLOCK_NODES for node ""
Warning (136002): Ignored duplicate of assignment PARTITION_ENABLE_STRICT_PRESERVATION for node ""
Warning (136002): Ignored duplicate of assignment PARTITION_SOURCE for node ""
Warning (136002): Ignored duplicate of assignment PARTITION_BACK_ANNOTATION for node ""
Warning (136002): Ignored duplicate of assignment PARTITION_COLOR for node ""
Warning (136002): Ignored duplicate of assignment HIERARCHY_BLACKBOX_FILE for node "|"
Warning (136002): Ignored duplicate of assignment PARTITION_PRESERVE_HIGH_SPEED_TILES for node ""
Warning (136002): Ignored duplicate of assignment PARTITION_IGNORE_SOURCE_FILE_CHANGES for node ""
Warning (136002): Ignored duplicate of assignment PARTITION_ALWAYS_USE_QXP_NETLIST for node ""
Warning (136002): Ignored duplicate of assignment PARTITION_IMPORT_NEW_ASSIGNMENTS for node ""
Warning (136002): Ignored duplicate of assignment PARTITION_IMPORT_EXISTING_ASSIGNMENTS for node ""
Warning (136002): Ignored duplicate of assignment PARTITION_IMPORT_EXISTING_LOGICLOCK_REGIONS for node ""
Warning (136002): Ignored duplicate of assignment PARTITION_IMPORT_PIN_ASSIGNMENTS for node ""
Warning (136002): Ignored duplicate of assignment PARTITION_IMPORT_PROMOTE_ASSIGNMENTS for node ""
Warning (136002): Ignored duplicate of assignment PARTITION_TYPE for node ""
Warning (136002): Ignored duplicate of assignment ALLOW_MULTIPLE_PERSONAS for node ""
Warning (136002): Ignored duplicate of assignment PARTITION_ASD_REGION_ID for node ""
Warning (136002): Ignored duplicate of assignment CROSS_BOUNDARY_OPTIMIZATIONS for node ""
Warning (136002): Ignored duplicate of assignment PROPAGATE_CONSTANTS_ON_INPUTS for node ""
Warning (136002): Ignored duplicate of assignment PROPAGATE_INVERSIONS_ON_INPUTS for node ""
Warning (136002): Ignored duplicate of assignment REMOVE_LOGIC_ON_UNCONNECTED_OUTPUTS for node ""
Warning (136002): Ignored duplicate of assignment MERGE_EQUIVALENT_INPUTS for node ""
Warning (136002): Ignored duplicate of assignment MERGE_EQUIVALENT_BIDIRS for node ""
Warning (136002): Ignored duplicate of assignment ABSORB_PATHS_FROM_OUTPUTS_TO_INPUTS for node ""
Warning (136002): Ignored duplicate of assignment PARTITION_EXTRACT_HARD_BLOCK_NODES for node ""
Warning (136002): Ignored duplicate of assignment PARTITION_ENABLE_STRICT_PRESERVATION for node ""
Warning (136002): Ignored duplicate of assignment PARTITION_SOURCE for node ""
Warning (136002): Ignored duplicate of assignment PARTITION_BACK_ANNOTATION for node ""
Warning (136002): Ignored duplicate of assignment PARTITION_COLOR for node ""
Warning (20028): Parallel compilation is not licensed and has been disabled
Info (12021): Found 2 design units, including 1 entities, in source file memoire.vhd
    Info (12022): Found design unit 1: memoire-arc_memoire
    Info (12023): Found entity 1: memoire
Info (12021): Found 2 design units, including 1 entities, in source file registre_4bit.vhd
    Info (12022): Found design unit 1: Registre_4bit-arc_register_4b
    Info (12023): Found entity 1: Registre_4bit
Info (12021): Found 2 design units, including 1 entities, in source file d_ff.vhd
    Info (12022): Found design unit 1: D_FF-arc_basculeD
    Info (12023): Found entity 1: D_FF
Info (12021): Found 2 design units, including 1 entities, in source file encodeur.vhd
    Info (12022): Found design unit 1: Encodeur-arc_encodeur
    Info (12023): Found entity 1: Encodeur
Info (12021): Found 2 design units, including 1 entities, in source file detecteur.vhd
    Info (12022): Found design unit 1: Detecteur-arc_Detecteur
    Info (12023): Found entity 1: Detecteur
Info (12021): Found 2 design units, including 1 entities, in source file comparateur.vhd
    Info (12022): Found design unit 1: Comparateur-Behavioral
    Info (12023): Found entity 1: Comparateur
Info (12021): Found 2 design units, including 1 entities, in source file serrure.vhd
    Info (12022): Found design unit 1: serrure-arc_serrure
    Info (12023): Found entity 1: serrure
Info (12127): Elaborating entity "serrure" for the top level hierarchy
Info (12128): Elaborating entity "Detecteur" for hierarchy "Detecteur:detect1"
Info (12128): Elaborating entity "Encodeur" for hierarchy "Encodeur:cod1"
Info (12128): Elaborating entity "memoire" for hierarchy "memoire:memo"
Info (12128): Elaborating entity "Registre_4bit" for hierarchy "memoire:memo|Registre_4bit:inst0"
Info (12128): Elaborating entity "D_FF" for hierarchy "memoire:memo|Registre_4bit:inst0|D_FF:inst1"
Warning (10492): VHDL Process Statement warning at D_FF.vhd(22): signal "clock" is read inside the Process Statement but isn't in the Process Statement's sensitivity list
Info (12128): Elaborating entity "Comparateur" for hierarchy "Comparateur:comp"
Warning (10492): VHDL Process Statement warning at Comparateur.vhd(15): signal "key" is read inside the Process Statement but isn't in the Process Statement's sensitivity list
Warning (13046): Tri-state node(s) do not directly drive top-level pin(s)
    Warning (13049): Converted tri-state buffer "Encodeur:cod4|data_out[2]" feeding internal logic into a wire
    Warning (13049): Converted tri-state buffer "Encodeur:cod4|data_out[1]" feeding internal logic into a wire
    Warning (13049): Converted tri-state buffer "Encodeur:cod4|data_out[0]" feeding internal logic into a wire
    Warning (13049): Converted tri-state buffer "Encodeur:cod4|data_out[3]" feeding internal logic into a wire
    Warning (13049): Converted tri-state buffer "Encodeur:cod3|data_out[2]" feeding internal logic into a wire
    Warning (13049): Converted tri-state buffer "Encodeur:cod3|data_out[1]" feeding internal logic into a wire
    Warning (13049): Converted tri-state buffer "Encodeur:cod3|data_out[0]" feeding internal logic into a wire
    Warning (13049): Converted tri-state buffer "Encodeur:cod3|data_out[3]" feeding internal logic into a wire
    Warning (13049): Converted tri-state buffer "Encodeur:cod2|data_out[2]" feeding internal logic into a wire
    Warning (13049): Converted tri-state buffer "Encodeur:cod2|data_out[1]" feeding internal logic into a wire
    Warning (13049): Converted tri-state buffer "Encodeur:cod2|data_out[0]" feeding internal logic into a wire
    Warning (13049): Converted tri-state buffer "Encodeur:cod2|data_out[3]" feeding internal logic into a wire
    Warning (13049): Converted tri-state buffer "Encodeur:cod1|data_out[2]" feeding internal logic into a wire
    Warning (13049): Converted tri-state buffer "Encodeur:cod1|data_out[1]" feeding internal logic into a wire
    Warning (13049): Converted tri-state buffer "Encodeur:cod1|data_out[0]" feeding internal logic into a wire
    Warning (13049): Converted tri-state buffer "Encodeur:cod1|data_out[3]" feeding internal logic into a wire
Info (286030): Timing-Driven Synthesis is running
Info (16010): Generating hard_block partition "hard_block:auto_generated_inst"
    Info (16011): Adding 0 node(s), including 0 DDIO, 0 PLL, 0 transceiver and 0 LCELL
Info (21057): Implemented 204 device resources after synthesis - the final resource count might be different
    Info (21058): Implemented 67 input pins
    Info (21059): Implemented 1 output pins
    Info (21061): Implemented 136 logic cells
Info: Quartus II 64-Bit Analysis & Synthesis was successful. 0 errors, 116 warnings
    Info: Peak virtual memory: 4707 megabytes
    Info: Processing ended: Sat Jan 13 14:01:52 2024
    Info: Elapsed time: 00:00:02
    Info: Total CPU time (on all processors): 00:00:02


